#
# A fatal error has been detected by the Java Runtime Environment:
#
#  EXCEPTION_ACCESS_VIOLATION (0xc0000005) at pc=0x000000a6e1bfe240, pid=28604, tid=22660
#
# JRE version: OpenJDK Runtime Environment Temurin-11.0.14.1+1 (11.0.14.1+1) (build 11.0.14.1+1)
# Java VM: OpenJDK 64-Bit Server VM Temurin-11.0.14.1+1 (11.0.14.1+1, mixed mode, tiered, compressed oops, g1 gc, windows-amd64)
# Problematic frame:
# C  0x000000a6e1bfe240
#
# No core dump will be written. Minidumps are not enabled by default on client versions of Windows
#
# If you would like to submit a bug report, please visit:
#   https://github.com/adoptium/adoptium-support/issues
#

---------------  S U M M A R Y ------------

Command Line: -XX:TieredStopAtLevel=1 -Xverify:none -Dspring.output.ansi.enabled=always -Dcom.sun.management.jmxremote -Dspring.jmx.enabled=true -Dspring.liveBeansView.mbeanDomain -Dspring.application.admin.enabled=true -javaagent:C:\Program Files\JetBrains\IntelliJ IDEA 2021.3.3\lib\idea_rt.jar=13581:C:\Program Files\JetBrains\IntelliJ IDEA 2021.3.3\bin -Dfile.encoding=UTF-8 com.FinalApplication

Host: Intel(R) Pentium(R) Silver N5000 CPU @ 1.10GHz, 4 cores, 7G,  Windows 10 , 64 bit Build 19041 (10.0.19041.1566)
Time: Sat Apr  9 16:22:47 2022 대한민국 표준시 elapsed time: 5.259650 seconds (0d 0h 0m 5s)

---------------  T H R E A D  ---------------

Current thread (0x00000224a0abf000):  JavaThread "C1 CompilerThread0" daemon [_thread_in_vm, id=22660, stack(0x000000a6e1b00000,0x000000a6e1c00000)]


Current CompileTask:
C1:   5260 1309       1       jdk.internal.org.objectweb.asm.MethodWriter::getSize (838 bytes)

Stack: [0x000000a6e1b00000,0x000000a6e1c00000],  sp=0x000000a6e1bfe138,  free space=1016k
Native frames: (J=compiled Java code, j=interpreted, Vv=VM code, C=native code)
C  0x000000a6e1bfe240


siginfo: EXCEPTION_ACCESS_VIOLATION (0xc0000005), data execution prevention violation at address 0x000000a6e1bfe240


Register to memory mapping:

RIP=0x000000a6e1bfe240 is pointing into the stack for thread: 0x00000224a0abf000
RAX=0x00000224a14944a0 points into unknown readable memory: 0x0000000000000002 | 02 00 00 00 00 00 00 00
RBX=0x00007ffa3798c239 jvm.dll
RCX=0x00000224a14ae630 points into unknown readable memory: 0x000000280000001c | 1c 00 00 00 28 00 00 00
RDX=0x000000000000000e is an unknown value
RSP=0x000000a6e1bfe138 is pointing into the stack for thread: 0x00000224a0abf000
RBP=0x00000224a154456b points into unknown readable memory: b4 27 00 be 04
RSI=0x00000000000000b4 is an unknown value
RDI=0x000000a6e1bfe220 is pointing into the stack for thread: 0x00000224a0abf000
R8 =0x000000000000000f is an unknown value
R9 =0x000000000000000e is an unknown value
R10=0x00000224a1493a30 points into unknown readable memory: 0x0000000600000002 | 02 00 00 00 06 00 00 00
R11=0x00000224a14ae620 points into unknown readable memory: 0x00000224a14ae680 | 80 e6 4a a1 24 02 00 00
R12=0x0 is NULL
R13=0x0 is NULL
R14=0x000000a6e1bfe480 is pointing into the stack for thread: 0x00000224a0abf000
R15=0x0 is NULL


Registers:
RAX=0x00000224a14944a0, RBX=0x00007ffa3798c239, RCX=0x00000224a14ae630, RDX=0x000000000000000e
RSP=0x000000a6e1bfe138, RBP=0x00000224a154456b, RSI=0x00000000000000b4, RDI=0x000000a6e1bfe220
R8 =0x000000000000000f, R9 =0x000000000000000e, R10=0x00000224a1493a30, R11=0x00000224a14ae620
R12=0x0000000000000000, R13=0x0000000000000000, R14=0x000000a6e1bfe480, R15=0x0000000000000000
RIP=0x000000a6e1bfe240, EFLAGS=0x0000000000010206

Top of Stack: (sp=0x000000a6e1bfe138)
0x000000a6e1bfe138:   00007ffa3798c239 00000224a154456b
0x000000a6e1bfe148:   00000000000000b4 000000a6e1bfe220
0x000000a6e1bfe158:   00000224a0abf000 000000a6e1bfe480
0x000000a6e1bfe168:   00007ffa378ff88a 00000224a154456b
0x000000a6e1bfe178:   000000a6e1bfe480 000000a6e1bfe480
0x000000a6e1bfe188:   000000a6e1bfe480 00007ffa38059fa8
0x000000a6e1bfe198:   00000224a15a4400 00007ffa38059c40
0x000000a6e1bfe1a8:   000000a6e1bfe820 00000224a14b4580
0x000000a6e1bfe1b8:   00007ffa000002a8 00000224a14b4580
0x000000a6e1bfe1c8:   00007ffa37901305 00000224a1544568
0x000000a6e1bfe1d8:   0000000000000000 00000000000000b4
0x000000a6e1bfe1e8:   0000000000000000 0000000000000000
0x000000a6e1bfe1f8:   0000000000000000 000000a6e1bfe480
0x000000a6e1bfe208:   000000a6e1bfe290 00000224a154456b
0x000000a6e1bfe218:   00007ffa37906d49 00000224a154456a
0x000000a6e1bfe228:   000000a6e1bfe480 000000a6e1bfe480 

Instructions: (pc=0x000000a6e1bfe240)
0x000000a6e1bfe140:   6b 45 54 a1 24 02 00 00 b4 00 00 00 00 00 00 00
0x000000a6e1bfe150:   20 e2 bf e1 a6 00 00 00 00 f0 ab a0 24 02 00 00
0x000000a6e1bfe160:   80 e4 bf e1 a6 00 00 00 8a f8 8f 37 fa 7f 00 00
0x000000a6e1bfe170:   6b 45 54 a1 24 02 00 00 80 e4 bf e1 a6 00 00 00
0x000000a6e1bfe180:   80 e4 bf e1 a6 00 00 00 80 e4 bf e1 a6 00 00 00
0x000000a6e1bfe190:   a8 9f 05 38 fa 7f 00 00 00 44 5a a1 24 02 00 00
0x000000a6e1bfe1a0:   40 9c 05 38 fa 7f 00 00 20 e8 bf e1 a6 00 00 00
0x000000a6e1bfe1b0:   80 45 4b a1 24 02 00 00 a8 02 00 00 fa 7f 00 00
0x000000a6e1bfe1c0:   80 45 4b a1 24 02 00 00 05 13 90 37 fa 7f 00 00
0x000000a6e1bfe1d0:   68 45 54 a1 24 02 00 00 00 00 00 00 00 00 00 00
0x000000a6e1bfe1e0:   b4 00 00 00 00 00 00 00 00 00 00 00 00 00 00 00
0x000000a6e1bfe1f0:   00 00 00 00 00 00 00 00 00 00 00 00 00 00 00 00
0x000000a6e1bfe200:   80 e4 bf e1 a6 00 00 00 90 e2 bf e1 a6 00 00 00
0x000000a6e1bfe210:   6b 45 54 a1 24 02 00 00 49 6d 90 37 fa 7f 00 00
0x000000a6e1bfe220:   6a 45 54 a1 24 02 00 00 80 e4 bf e1 a6 00 00 00
0x000000a6e1bfe230:   80 e4 bf e1 a6 00 00 00 b0 46 49 a1 24 02 00 00
0x000000a6e1bfe240:   c0 34 54 a1 24 02 00 00 10 34 54 a1 24 02 00 00
0x000000a6e1bfe250:   6b 45 54 a1 24 02 00 00 00 00 00 00 00 00 00 00
0x000000a6e1bfe260:   00 00 00 00 00 00 00 00 c0 42 54 a1 24 02 00 00
0x000000a6e1bfe270:   06 46 54 a1 24 02 00 00 6e 45 54 a1 24 02 00 00
0x000000a6e1bfe280:   b4 00 00 00 b4 00 00 00 00 00 00 00 00 00 00 00
0x000000a6e1bfe290:   ff ff ff ff ff ff ff ff 00 00 00 00 00 00 00 00
0x000000a6e1bfe2a0:   00 00 00 00 00 00 00 00 00 00 00 00 00 00 00 00
0x000000a6e1bfe2b0:   40 1f 5a a1 24 02 00 00 20 36 4b a1 24 02 00 00
0x000000a6e1bfe2c0:   00 00 00 00 00 00 00 00 24 52 90 37 fa 7f 00 00
0x000000a6e1bfe2d0:   80 e4 bf e1 a6 00 00 00 00 36 4b a1 24 02 00 00
0x000000a6e1bfe2e0:   00 00 00 00 00 00 00 00 80 e4 bf e1 a6 00 00 00
0x000000a6e1bfe2f0:   80 fd 42 a1 24 02 00 00 0b ef 8f 37 fa 7f 00 00
0x000000a6e1bfe300:   80 e4 bf e1 a6 00 00 00 00 e4 bf e1 a6 00 00 00
0x000000a6e1bfe310:   30 e1 42 a1 24 02 00 00 c0 34 54 a1 24 02 00 00
0x000000a6e1bfe320:   d0 e8 bf e1 a6 00 00 00 95 db a9 37 fa 7f 00 00
0x000000a6e1bfe330:   20 e8 bf e1 a6 00 00 00 30 e1 42 a1 24 02 00 00 


Stack slot to memory mapping:
stack at sp + 0 slots: 0x00007ffa3798c239 jvm.dll
stack at sp + 1 slots: 0x00000224a154456b points into unknown readable memory: b4 27 00 be 04
stack at sp + 2 slots: 0x00000000000000b4 is an unknown value
stack at sp + 3 slots: 0x000000a6e1bfe220 is pointing into the stack for thread: 0x00000224a0abf000
stack at sp + 4 slots: 0x00000224a0abf000 is a thread
stack at sp + 5 slots: 0x000000a6e1bfe480 is pointing into the stack for thread: 0x00000224a0abf000
stack at sp + 6 slots: 0x00007ffa378ff88a jvm.dll
stack at sp + 7 slots: 0x00000224a154456b points into unknown readable memory: b4 27 00 be 04


---------------  P R O C E S S  ---------------

Threads class SMR info:
_java_thread_list=0x00000224a121bac0, length=11, elements={
0x00000224ff900000, 0x00000224a01aa800, 0x00000224a019c000, 0x00000224a0aba000,
0x00000224a0abb000, 0x00000224a0abc000, 0x00000224a0abf000, 0x00000224a0ade800,
0x00000224a0beb000, 0x00000224a103b800, 0x00000224a122f000
}

Java Threads: ( => current thread )
  0x00000224ff900000 JavaThread "main" [_thread_in_Java, id=9140, stack(0x000000a6e0f00000,0x000000a6e1000000)]
  0x00000224a01aa800 JavaThread "Reference Handler" daemon [_thread_blocked, id=20684, stack(0x000000a6e1600000,0x000000a6e1700000)]
  0x00000224a019c000 JavaThread "Finalizer" daemon [_thread_blocked, id=23384, stack(0x000000a6e1700000,0x000000a6e1800000)]
  0x00000224a0aba000 JavaThread "Signal Dispatcher" daemon [_thread_blocked, id=3552, stack(0x000000a6e1800000,0x000000a6e1900000)]
  0x00000224a0abb000 JavaThread "Attach Listener" daemon [_thread_blocked, id=15564, stack(0x000000a6e1900000,0x000000a6e1a00000)]
  0x00000224a0abc000 JavaThread "Service Thread" daemon [_thread_blocked, id=17804, stack(0x000000a6e1a00000,0x000000a6e1b00000)]
=>0x00000224a0abf000 JavaThread "C1 CompilerThread0" daemon [_thread_in_vm, id=22660, stack(0x000000a6e1b00000,0x000000a6e1c00000)]
  0x00000224a0ade800 JavaThread "Sweeper thread" daemon [_thread_blocked, id=12184, stack(0x000000a6e1c00000,0x000000a6e1d00000)]
  0x00000224a0beb000 JavaThread "Common-Cleaner" daemon [_thread_blocked, id=14908, stack(0x000000a6e1d00000,0x000000a6e1e00000)]
  0x00000224a103b800 JavaThread "Monitor Ctrl-Break" daemon [_thread_in_native, id=8068, stack(0x000000a6e1e00000,0x000000a6e1f00000)]
  0x00000224a122f000 JavaThread "RMI TCP Accept-0" daemon [_thread_in_native, id=7784, stack(0x000000a6e1f00000,0x000000a6e2000000)]

Other Threads:
  0x00000224a0176800 VMThread "VM Thread" [stack: 0x000000a6e1500000,0x000000a6e1600000] [id=28912]
  0x00000224a1280800 WatcherThread [stack: 0x000000a6e2000000,0x000000a6e2100000] [id=16084]
  0x00000224ff918800 GCTaskThread "GC Thread#0" [stack: 0x000000a6e1000000,0x000000a6e1100000] [id=12088]
  0x00000224a12e2800 GCTaskThread "GC Thread#1" [stack: 0x000000a6e2100000,0x000000a6e2200000] [id=11216]
  0x00000224a12e3000 GCTaskThread "GC Thread#2" [stack: 0x000000a6e2200000,0x000000a6e2300000] [id=6236]
  0x00000224ff94a000 ConcurrentGCThread "G1 Main Marker" [stack: 0x000000a6e1100000,0x000000a6e1200000] [id=17992]
  0x00000224ff94b800 ConcurrentGCThread "G1 Conc#0" [stack: 0x000000a6e1200000,0x000000a6e1300000] [id=18808]
  0x00000224ff9ce800 ConcurrentGCThread "G1 Refine#0" [stack: 0x000000a6e1300000,0x000000a6e1400000] [id=22680]
  0x000002249ffe1800 ConcurrentGCThread "G1 Young RemSet Sampling" [stack: 0x000000a6e1400000,0x000000a6e1500000] [id=25896]

Threads with active compile tasks:
C1 CompilerThread0   5502 1309       1       jdk.internal.org.objectweb.asm.MethodWriter::getSize (838 bytes)

VM state:not at safepoint (normal execution)

VM Mutex/Monitor currently owned by a thread: None

Heap address: 0x0000000082c00000, size: 2004 MB, Compressed Oops mode: 32-bit
Narrow klass base: 0x0000000000000000, Narrow klass shift: 3
Compressed class space size: 1073741824 Address: 0x0000000100000000

Heap:
 garbage-first heap   total 129024K, used 14773K [0x0000000082c00000, 0x0000000100000000)
  region size 1024K, 9 young (9216K), 2 survivors (2048K)
 Metaspace       used 14663K, capacity 15102K, committed 15360K, reserved 1062912K
  class space    used 1524K, capacity 1675K, committed 1792K, reserved 1048576K
Heap Regions: E=young(eden), S=young(survivor), O=old, HS=humongous(starts), HC=humongous(continues), CS=collection set, F=free, A=archive, TAMS=top-at-mark-start (previous, next)
|   0|0x0000000082c00000, 0x0000000082d00000, 0x0000000082d00000|100%|HS|  |TAMS 0x0000000082c00000, 0x0000000082c00000| Complete 
|   1|0x0000000082d00000, 0x0000000082e00000, 0x0000000082e00000|100%| O|  |TAMS 0x0000000082d00000, 0x0000000082d00000| Untracked 
|   2|0x0000000082e00000, 0x0000000082f00000, 0x0000000082f00000|100%| O|  |TAMS 0x0000000082e00000, 0x0000000082e00000| Untracked 
|   3|0x0000000082f00000, 0x0000000083000000, 0x0000000083000000|100%| O|  |TAMS 0x0000000082f00000, 0x0000000082f00000| Untracked 
|   4|0x0000000083000000, 0x0000000083100000, 0x0000000083100000|100%| O|  |TAMS 0x0000000083000000, 0x0000000083000000| Untracked 
|   5|0x0000000083100000, 0x0000000083200000, 0x0000000083200000|100%| O|  |TAMS 0x0000000083100000, 0x0000000083100000| Untracked 
|   6|0x0000000083200000, 0x0000000083300000, 0x0000000083300000|100%| O|  |TAMS 0x0000000083200000, 0x0000000083200000| Untracked 
|   7|0x0000000083300000, 0x000000008331b400, 0x0000000083400000| 10%| O|  |TAMS 0x0000000083300000, 0x0000000083300000| Untracked 
|   8|0x0000000083400000, 0x0000000083400000, 0x0000000083500000|  0%| F|  |TAMS 0x0000000083400000, 0x0000000083400000| Untracked 
|   9|0x0000000083500000, 0x0000000083500000, 0x0000000083600000|  0%| F|  |TAMS 0x0000000083500000, 0x0000000083500000| Untracked 
|  10|0x0000000083600000, 0x0000000083600000, 0x0000000083700000|  0%| F|  |TAMS 0x0000000083600000, 0x0000000083600000| Untracked 
|  11|0x0000000083700000, 0x0000000083700000, 0x0000000083800000|  0%| F|  |TAMS 0x0000000083700000, 0x0000000083700000| Untracked 
|  12|0x0000000083800000, 0x0000000083800000, 0x0000000083900000|  0%| F|  |TAMS 0x0000000083800000, 0x0000000083800000| Untracked 
|  13|0x0000000083900000, 0x0000000083900000, 0x0000000083a00000|  0%| F|  |TAMS 0x0000000083900000, 0x0000000083900000| Untracked 
|  14|0x0000000083a00000, 0x0000000083a00000, 0x0000000083b00000|  0%| F|  |TAMS 0x0000000083a00000, 0x0000000083a00000| Untracked 
|  15|0x0000000083b00000, 0x0000000083b00000, 0x0000000083c00000|  0%| F|  |TAMS 0x0000000083b00000, 0x0000000083b00000| Untracked 
|  16|0x0000000083c00000, 0x0000000083c00000, 0x0000000083d00000|  0%| F|  |TAMS 0x0000000083c00000, 0x0000000083c00000| Untracked 
|  17|0x0000000083d00000, 0x0000000083d00000, 0x0000000083e00000|  0%| F|  |TAMS 0x0000000083d00000, 0x0000000083d00000| Untracked 
|  18|0x0000000083e00000, 0x0000000083e00000, 0x0000000083f00000|  0%| F|  |TAMS 0x0000000083e00000, 0x0000000083e00000| Untracked 
|  19|0x0000000083f00000, 0x0000000083f00000, 0x0000000084000000|  0%| F|  |TAMS 0x0000000083f00000, 0x0000000083f00000| Untracked 
|  20|0x0000000084000000, 0x0000000084000000, 0x0000000084100000|  0%| F|  |TAMS 0x0000000084000000, 0x0000000084000000| Untracked 
|  21|0x0000000084100000, 0x0000000084100000, 0x0000000084200000|  0%| F|  |TAMS 0x0000000084100000, 0x0000000084100000| Untracked 
|  22|0x0000000084200000, 0x0000000084200000, 0x0000000084300000|  0%| F|  |TAMS 0x0000000084200000, 0x0000000084200000| Untracked 
|  23|0x0000000084300000, 0x0000000084300000, 0x0000000084400000|  0%| F|  |TAMS 0x0000000084300000, 0x0000000084300000| Untracked 
|  24|0x0000000084400000, 0x0000000084400000, 0x0000000084500000|  0%| F|  |TAMS 0x0000000084400000, 0x0000000084400000| Untracked 
|  25|0x0000000084500000, 0x0000000084500000, 0x0000000084600000|  0%| F|  |TAMS 0x0000000084500000, 0x0000000084500000| Untracked 
|  26|0x0000000084600000, 0x0000000084600000, 0x0000000084700000|  0%| F|  |TAMS 0x0000000084600000, 0x0000000084600000| Untracked 
|  27|0x0000000084700000, 0x0000000084700000, 0x0000000084800000|  0%| F|  |TAMS 0x0000000084700000, 0x0000000084700000| Untracked 
|  28|0x0000000084800000, 0x0000000084800000, 0x0000000084900000|  0%| F|  |TAMS 0x0000000084800000, 0x0000000084800000| Untracked 
|  29|0x0000000084900000, 0x0000000084900000, 0x0000000084a00000|  0%| F|  |TAMS 0x0000000084900000, 0x0000000084900000| Untracked 
|  30|0x0000000084a00000, 0x0000000084a00000, 0x0000000084b00000|  0%| F|  |TAMS 0x0000000084a00000, 0x0000000084a00000| Untracked 
|  31|0x0000000084b00000, 0x0000000084b00000, 0x0000000084c00000|  0%| F|  |TAMS 0x0000000084b00000, 0x0000000084b00000| Untracked 
|  32|0x0000000084c00000, 0x0000000084c00000, 0x0000000084d00000|  0%| F|  |TAMS 0x0000000084c00000, 0x0000000084c00000| Untracked 
|  33|0x0000000084d00000, 0x0000000084d00000, 0x0000000084e00000|  0%| F|  |TAMS 0x0000000084d00000, 0x0000000084d00000| Untracked 
|  34|0x0000000084e00000, 0x0000000084e00000, 0x0000000084f00000|  0%| F|  |TAMS 0x0000000084e00000, 0x0000000084e00000| Untracked 
|  35|0x0000000084f00000, 0x0000000084f00000, 0x0000000085000000|  0%| F|  |TAMS 0x0000000084f00000, 0x0000000084f00000| Untracked 
|  36|0x0000000085000000, 0x0000000085000000, 0x0000000085100000|  0%| F|  |TAMS 0x0000000085000000, 0x0000000085000000| Untracked 
|  37|0x0000000085100000, 0x0000000085100000, 0x0000000085200000|  0%| F|  |TAMS 0x0000000085100000, 0x0000000085100000| Untracked 
|  38|0x0000000085200000, 0x0000000085200000, 0x0000000085300000|  0%| F|  |TAMS 0x0000000085200000, 0x0000000085200000| Untracked 
|  39|0x0000000085300000, 0x0000000085300000, 0x0000000085400000|  0%| F|  |TAMS 0x0000000085300000, 0x0000000085300000| Untracked 
|  40|0x0000000085400000, 0x0000000085400000, 0x0000000085500000|  0%| F|  |TAMS 0x0000000085400000, 0x0000000085400000| Untracked 
|  41|0x0000000085500000, 0x0000000085500000, 0x0000000085600000|  0%| F|  |TAMS 0x0000000085500000, 0x0000000085500000| Untracked 
|  42|0x0000000085600000, 0x0000000085600000, 0x0000000085700000|  0%| F|  |TAMS 0x0000000085600000, 0x0000000085600000| Untracked 
|  43|0x0000000085700000, 0x0000000085700000, 0x0000000085800000|  0%| F|  |TAMS 0x0000000085700000, 0x0000000085700000| Untracked 
|  44|0x0000000085800000, 0x0000000085800000, 0x0000000085900000|  0%| F|  |TAMS 0x0000000085800000, 0x0000000085800000| Untracked 
|  45|0x0000000085900000, 0x0000000085900000, 0x0000000085a00000|  0%| F|  |TAMS 0x0000000085900000, 0x0000000085900000| Untracked 
|  46|0x0000000085a00000, 0x0000000085a00000, 0x0000000085b00000|  0%| F|  |TAMS 0x0000000085a00000, 0x0000000085a00000| Untracked 
|  47|0x0000000085b00000, 0x0000000085b00000, 0x0000000085c00000|  0%| F|  |TAMS 0x0000000085b00000, 0x0000000085b00000| Untracked 
|  48|0x0000000085c00000, 0x0000000085c00000, 0x0000000085d00000|  0%| F|  |TAMS 0x0000000085c00000, 0x0000000085c00000| Untracked 
|  49|0x0000000085d00000, 0x0000000085d00000, 0x0000000085e00000|  0%| F|  |TAMS 0x0000000085d00000, 0x0000000085d00000| Untracked 
|  50|0x0000000085e00000, 0x0000000085e00000, 0x0000000085f00000|  0%| F|  |TAMS 0x0000000085e00000, 0x0000000085e00000| Untracked 
|  51|0x0000000085f00000, 0x0000000085f00000, 0x0000000086000000|  0%| F|  |TAMS 0x0000000085f00000, 0x0000000085f00000| Untracked 
|  52|0x0000000086000000, 0x0000000086000000, 0x0000000086100000|  0%| F|  |TAMS 0x0000000086000000, 0x0000000086000000| Untracked 
|  53|0x0000000086100000, 0x0000000086100000, 0x0000000086200000|  0%| F|  |TAMS 0x0000000086100000, 0x0000000086100000| Untracked 
|  54|0x0000000086200000, 0x0000000086200000, 0x0000000086300000|  0%| F|  |TAMS 0x0000000086200000, 0x0000000086200000| Untracked 
|  55|0x0000000086300000, 0x0000000086300000, 0x0000000086400000|  0%| F|  |TAMS 0x0000000086300000, 0x0000000086300000| Untracked 
|  56|0x0000000086400000, 0x0000000086400000, 0x0000000086500000|  0%| F|  |TAMS 0x0000000086400000, 0x0000000086400000| Untracked 
|  57|0x0000000086500000, 0x0000000086500000, 0x0000000086600000|  0%| F|  |TAMS 0x0000000086500000, 0x0000000086500000| Untracked 
|  58|0x0000000086600000, 0x0000000086600000, 0x0000000086700000|  0%| F|  |TAMS 0x0000000086600000, 0x0000000086600000| Untracked 
|  59|0x0000000086700000, 0x0000000086700000, 0x0000000086800000|  0%| F|  |TAMS 0x0000000086700000, 0x0000000086700000| Untracked 
|  60|0x0000000086800000, 0x0000000086800000, 0x0000000086900000|  0%| F|  |TAMS 0x0000000086800000, 0x0000000086800000| Untracked 
|  61|0x0000000086900000, 0x0000000086900000, 0x0000000086a00000|  0%| F|  |TAMS 0x0000000086900000, 0x0000000086900000| Untracked 
|  62|0x0000000086a00000, 0x0000000086a00000, 0x0000000086b00000|  0%| F|  |TAMS 0x0000000086a00000, 0x0000000086a00000| Untracked 
|  63|0x0000000086b00000, 0x0000000086b00000, 0x0000000086c00000|  0%| F|  |TAMS 0x0000000086b00000, 0x0000000086b00000| Untracked 
|  64|0x0000000086c00000, 0x0000000086c00000, 0x0000000086d00000|  0%| F|  |TAMS 0x0000000086c00000, 0x0000000086c00000| Untracked 
|  65|0x0000000086d00000, 0x0000000086d00000, 0x0000000086e00000|  0%| F|  |TAMS 0x0000000086d00000, 0x0000000086d00000| Untracked 
|  66|0x0000000086e00000, 0x0000000086e00000, 0x0000000086f00000|  0%| F|  |TAMS 0x0000000086e00000, 0x0000000086e00000| Untracked 
|  67|0x0000000086f00000, 0x0000000086f00000, 0x0000000087000000|  0%| F|  |TAMS 0x0000000086f00000, 0x0000000086f00000| Untracked 
|  68|0x0000000087000000, 0x0000000087000000, 0x0000000087100000|  0%| F|  |TAMS 0x0000000087000000, 0x0000000087000000| Untracked 
|  69|0x0000000087100000, 0x0000000087100000, 0x0000000087200000|  0%| F|  |TAMS 0x0000000087100000, 0x0000000087100000| Untracked 
|  70|0x0000000087200000, 0x0000000087200000, 0x0000000087300000|  0%| F|  |TAMS 0x0000000087200000, 0x0000000087200000| Untracked 
|  71|0x0000000087300000, 0x0000000087300000, 0x0000000087400000|  0%| F|  |TAMS 0x0000000087300000, 0x0000000087300000| Untracked 
|  72|0x0000000087400000, 0x0000000087400000, 0x0000000087500000|  0%| F|  |TAMS 0x0000000087400000, 0x0000000087400000| Untracked 
|  73|0x0000000087500000, 0x0000000087500000, 0x0000000087600000|  0%| F|  |TAMS 0x0000000087500000, 0x0000000087500000| Untracked 
|  74|0x0000000087600000, 0x0000000087600000, 0x0000000087700000|  0%| F|  |TAMS 0x0000000087600000, 0x0000000087600000| Untracked 
|  75|0x0000000087700000, 0x0000000087700000, 0x0000000087800000|  0%| F|  |TAMS 0x0000000087700000, 0x0000000087700000| Untracked 
|  76|0x0000000087800000, 0x0000000087800000, 0x0000000087900000|  0%| F|  |TAMS 0x0000000087800000, 0x0000000087800000| Untracked 
|  77|0x0000000087900000, 0x0000000087900000, 0x0000000087a00000|  0%| F|  |TAMS 0x0000000087900000, 0x0000000087900000| Untracked 
|  78|0x0000000087a00000, 0x0000000087a00000, 0x0000000087b00000|  0%| F|  |TAMS 0x0000000087a00000, 0x0000000087a00000| Untracked 
|  79|0x0000000087b00000, 0x0000000087b00000, 0x0000000087c00000|  0%| F|  |TAMS 0x0000000087b00000, 0x0000000087b00000| Untracked 
|  80|0x0000000087c00000, 0x0000000087c00000, 0x0000000087d00000|  0%| F|  |TAMS 0x0000000087c00000, 0x0000000087c00000| Untracked 
|  81|0x0000000087d00000, 0x0000000087d00000, 0x0000000087e00000|  0%| F|  |TAMS 0x0000000087d00000, 0x0000000087d00000| Untracked 
|  82|0x0000000087e00000, 0x0000000087e00000, 0x0000000087f00000|  0%| F|  |TAMS 0x0000000087e00000, 0x0000000087e00000| Untracked 
|  83|0x0000000087f00000, 0x0000000087f00000, 0x0000000088000000|  0%| F|  |TAMS 0x0000000087f00000, 0x0000000087f00000| Untracked 
|  84|0x0000000088000000, 0x0000000088000000, 0x0000000088100000|  0%| F|  |TAMS 0x0000000088000000, 0x0000000088000000| Untracked 
|  85|0x0000000088100000, 0x0000000088100000, 0x0000000088200000|  0%| F|  |TAMS 0x0000000088100000, 0x0000000088100000| Untracked 
|  86|0x0000000088200000, 0x0000000088200000, 0x0000000088300000|  0%| F|  |TAMS 0x0000000088200000, 0x0000000088200000| Untracked 
|  87|0x0000000088300000, 0x0000000088300000, 0x0000000088400000|  0%| F|  |TAMS 0x0000000088300000, 0x0000000088300000| Untracked 
|  88|0x0000000088400000, 0x0000000088400000, 0x0000000088500000|  0%| F|  |TAMS 0x0000000088400000, 0x0000000088400000| Untracked 
|  89|0x0000000088500000, 0x0000000088500000, 0x0000000088600000|  0%| F|  |TAMS 0x0000000088500000, 0x0000000088500000| Untracked 
|  90|0x0000000088600000, 0x0000000088600000, 0x0000000088700000|  0%| F|  |TAMS 0x0000000088600000, 0x0000000088600000| Untracked 
|  91|0x0000000088700000, 0x0000000088700000, 0x0000000088800000|  0%| F|  |TAMS 0x0000000088700000, 0x0000000088700000| Untracked 
|  92|0x0000000088800000, 0x0000000088800000, 0x0000000088900000|  0%| F|  |TAMS 0x0000000088800000, 0x0000000088800000| Untracked 
|  93|0x0000000088900000, 0x0000000088900000, 0x0000000088a00000|  0%| F|  |TAMS 0x0000000088900000, 0x0000000088900000| Untracked 
|  94|0x0000000088a00000, 0x0000000088a00000, 0x0000000088b00000|  0%| F|  |TAMS 0x0000000088a00000, 0x0000000088a00000| Untracked 
|  95|0x0000000088b00000, 0x0000000088b00000, 0x0000000088c00000|  0%| F|  |TAMS 0x0000000088b00000, 0x0000000088b00000| Untracked 
|  96|0x0000000088c00000, 0x0000000088c00000, 0x0000000088d00000|  0%| F|  |TAMS 0x0000000088c00000, 0x0000000088c00000| Untracked 
|  97|0x0000000088d00000, 0x0000000088d00000, 0x0000000088e00000|  0%| F|  |TAMS 0x0000000088d00000, 0x0000000088d00000| Untracked 
|  98|0x0000000088e00000, 0x0000000088e00000, 0x0000000088f00000|  0%| F|  |TAMS 0x0000000088e00000, 0x0000000088e00000| Untracked 
|  99|0x0000000088f00000, 0x0000000088f00000, 0x0000000089000000|  0%| F|  |TAMS 0x0000000088f00000, 0x0000000088f00000| Untracked 
| 100|0x0000000089000000, 0x0000000089000000, 0x0000000089100000|  0%| F|  |TAMS 0x0000000089000000, 0x0000000089000000| Untracked 
| 101|0x0000000089100000, 0x0000000089100000, 0x0000000089200000|  0%| F|  |TAMS 0x0000000089100000, 0x0000000089100000| Untracked 
| 102|0x0000000089200000, 0x0000000089200000, 0x0000000089300000|  0%| F|  |TAMS 0x0000000089200000, 0x0000000089200000| Untracked 
| 103|0x0000000089300000, 0x0000000089300000, 0x0000000089400000|  0%| F|  |TAMS 0x0000000089300000, 0x0000000089300000| Untracked 
| 104|0x0000000089400000, 0x0000000089400000, 0x0000000089500000|  0%| F|  |TAMS 0x0000000089400000, 0x0000000089400000| Untracked 
| 105|0x0000000089500000, 0x0000000089500000, 0x0000000089600000|  0%| F|  |TAMS 0x0000000089500000, 0x0000000089500000| Untracked 
| 106|0x0000000089600000, 0x0000000089600000, 0x0000000089700000|  0%| F|  |TAMS 0x0000000089600000, 0x0000000089600000| Untracked 
| 107|0x0000000089700000, 0x0000000089700000, 0x0000000089800000|  0%| F|  |TAMS 0x0000000089700000, 0x0000000089700000| Untracked 
| 108|0x0000000089800000, 0x0000000089800000, 0x0000000089900000|  0%| F|  |TAMS 0x0000000089800000, 0x0000000089800000| Untracked 
| 109|0x0000000089900000, 0x0000000089900000, 0x0000000089a00000|  0%| F|  |TAMS 0x0000000089900000, 0x0000000089900000| Untracked 
| 110|0x0000000089a00000, 0x0000000089a00000, 0x0000000089b00000|  0%| F|  |TAMS 0x0000000089a00000, 0x0000000089a00000| Untracked 
| 111|0x0000000089b00000, 0x0000000089b00000, 0x0000000089c00000|  0%| F|  |TAMS 0x0000000089b00000, 0x0000000089b00000| Untracked 
| 112|0x0000000089c00000, 0x0000000089c00000, 0x0000000089d00000|  0%| F|  |TAMS 0x0000000089c00000, 0x0000000089c00000| Untracked 
| 113|0x0000000089d00000, 0x0000000089d00000, 0x0000000089e00000|  0%| F|  |TAMS 0x0000000089d00000, 0x0000000089d00000| Untracked 
| 114|0x0000000089e00000, 0x0000000089e00000, 0x0000000089f00000|  0%| F|  |TAMS 0x0000000089e00000, 0x0000000089e00000| Untracked 
| 115|0x0000000089f00000, 0x0000000089f52220, 0x000000008a000000| 32%| S|CS|TAMS 0x0000000089f00000, 0x0000000089f00000| Complete 
| 116|0x000000008a000000, 0x000000008a100000, 0x000000008a100000|100%| S|CS|TAMS 0x000000008a000000, 0x000000008a000000| Complete 
| 117|0x000000008a100000, 0x000000008a100000, 0x000000008a200000|  0%| F|  |TAMS 0x000000008a100000, 0x000000008a100000| Untracked 
| 118|0x000000008a200000, 0x000000008a200000, 0x000000008a300000|  0%| F|  |TAMS 0x000000008a200000, 0x000000008a200000| Untracked 
| 119|0x000000008a300000, 0x000000008a400000, 0x000000008a400000|100%| E|  |TAMS 0x000000008a300000, 0x000000008a300000| Complete 
| 120|0x000000008a400000, 0x000000008a500000, 0x000000008a500000|100%| E|CS|TAMS 0x000000008a400000, 0x000000008a400000| Complete 
| 121|0x000000008a500000, 0x000000008a600000, 0x000000008a600000|100%| E|CS|TAMS 0x000000008a500000, 0x000000008a500000| Complete 
| 122|0x000000008a600000, 0x000000008a700000, 0x000000008a700000|100%| E|CS|TAMS 0x000000008a600000, 0x000000008a600000| Complete 
| 123|0x000000008a700000, 0x000000008a800000, 0x000000008a800000|100%| E|CS|TAMS 0x000000008a700000, 0x000000008a700000| Complete 
| 124|0x000000008a800000, 0x000000008a900000, 0x000000008a900000|100%| E|CS|TAMS 0x000000008a800000, 0x000000008a800000| Complete 
| 125|0x000000008a900000, 0x000000008aa00000, 0x000000008aa00000|100%| E|CS|TAMS 0x000000008a900000, 0x000000008a900000| Complete 

Card table byte_map: [0x00000224994c0000,0x00000224998b0000] _byte_map_base: 0x00000224990aa000

Marking Bits (Prev, Next): (CMBitMap*) 0x00000224ff941418, (CMBitMap*) 0x00000224ff941450
 Prev Bits: [0x0000022499ca0000, 0x000002249bbf0000)
 Next Bits: [0x000002249bbf0000, 0x000002249db40000)

Polling page: 0x0000022481410000

Metaspace:

Usage:
  Non-class:     13.11 MB capacity,    12.84 MB ( 98%) used,   248.50 KB (  2%) free+waste,    33.31 KB ( <1%) overhead. 
      Class:      1.64 MB capacity,     1.49 MB ( 91%) used,   133.41 KB (  8%) free+waste,    16.19 KB ( <1%) overhead. 
       Both:     14.75 MB capacity,    14.33 MB ( 97%) used,   381.91 KB (  3%) free+waste,    49.50 KB ( <1%) overhead. 

Virtual space:
  Non-class space:       14.00 MB reserved,      13.25 MB ( 95%) committed 
      Class space:        1.00 GB reserved,       1.75 MB ( <1%) committed 
             Both:        1.01 GB reserved,      15.00 MB (  1%) committed 

Chunk freelists:
   Non-Class:  13.00 KB
       Class:  21.00 KB
        Both:  34.00 KB

MaxMetaspaceSize: 17179869184.00 GB
CompressedClassSpaceSize: 1.00 GB
Initial GC threshold: 20.80 MB
Current GC threshold: 20.80 MB
CDS: off

CodeHeap 'non-profiled nmethods': size=238912Kb used=1867Kb max_used=1867Kb free=237044Kb
 bounds [0x000002248a140000, 0x000002248a3b0000, 0x0000022498a90000]
CodeHeap 'non-nmethods': size=6848Kb used=1145Kb max_used=1145Kb free=5702Kb
 bounds [0x0000022489a90000, 0x0000022489d00000, 0x000002248a140000]
 total_blobs=1721 nmethods=1310 adapters=340
 compilation: enabled
              stopped_count=0, restarted_count=0
 full_count=0

Compilation events (20 events):
Event: 5.192 Thread 0x00000224a0abf000 nmethod 1298 0x000002248a308b90 code [0x000002248a308d60, 0x000002248a309138]
Event: 5.192 Thread 0x00000224a0abf000 1301       1       jdk.internal.loader.URLClassPath$JarLoader$2::getInputStream (15 bytes)
Event: 5.192 Thread 0x00000224a0abf000 nmethod 1301 0x000002248a309210 code [0x000002248a3093c0, 0x000002248a3094a8]
Event: 5.200 Thread 0x00000224a0abf000 1303       1       jdk.internal.org.objectweb.asm.MethodWriter::<init> (247 bytes)
Event: 5.201 Thread 0x00000224a0abf000 nmethod 1303 0x000002248a309590 code [0x000002248a3097e0, 0x000002248a30a108]
Event: 5.201 Thread 0x00000224a0abf000 1307       1       jdk.internal.org.objectweb.asm.MethodWriter::visitMaxs (1144 bytes)
Event: 5.206 Thread 0x00000224a0abf000 nmethod 1307 0x000002248a30a490 code [0x000002248a30a860, 0x000002248a30bfc8]
Event: 5.206 Thread 0x00000224a0abf000 1310       1       jdk.internal.org.objectweb.asm.MethodWriter::put (1602 bytes)
Event: 5.216 Thread 0x00000224a0abf000 nmethod 1310 0x000002248a30d710 code [0x000002248a30de00, 0x000002248a30f6d8]
Event: 5.216 Thread 0x00000224a0abf000 1302       1       jdk.internal.org.objectweb.asm.ClassWriter::visitMethod (20 bytes)
Event: 5.217 Thread 0x00000224a0abf000 nmethod 1302 0x000002248a310c90 code [0x000002248a310e40, 0x000002248a310fa8]
Event: 5.217 Thread 0x00000224a0abf000 1304       1       jdk.internal.org.objectweb.asm.MethodVisitor::<init> (7 bytes)
Event: 5.217 Thread 0x00000224a0abf000 nmethod 1304 0x000002248a311090 code [0x000002248a311240, 0x000002248a3113e8]
Event: 5.217 Thread 0x00000224a0abf000 1305       1       jdk.internal.org.objectweb.asm.MethodWriter::visitLabel (321 bytes)
Event: 5.218 Thread 0x00000224a0abf000 nmethod 1305 0x000002248a311490 code [0x000002248a3116c0, 0x000002248a311f48]
Event: 5.218 Thread 0x00000224a0abf000 1306       1       jdk.internal.org.objectweb.asm.MethodWriter::noSuccessor (95 bytes)
Event: 5.219 Thread 0x00000224a0abf000 nmethod 1306 0x000002248a312190 code [0x000002248a312360, 0x000002248a312728]
Event: 5.219 Thread 0x00000224a0abf000 1308       1       jdk.internal.org.objectweb.asm.MethodWriter::visitEnd (1 bytes)
Event: 5.219 Thread 0x00000224a0abf000 nmethod 1308 0x000002248a312890 code [0x000002248a312a40, 0x000002248a312af8]
Event: 5.219 Thread 0x00000224a0abf000 1309       1       jdk.internal.org.objectweb.asm.MethodWriter::getSize (838 bytes)

GC Heap History (4 events):
Event: 4.422 GC heap before
{Heap before GC invocations=0 (full 0):
 garbage-first heap   total 129024K, used 14336K [0x0000000082c00000, 0x0000000100000000)
  region size 1024K, 14 young (14336K), 0 survivors (0K)
 Metaspace       used 11744K, capacity 12074K, committed 12416K, reserved 1060864K
  class space    used 1195K, capacity 1302K, committed 1408K, reserved 1048576K
}
Event: 4.446 GC heap after
{Heap after GC invocations=1 (full 0):
 garbage-first heap   total 129024K, used 7173K [0x0000000082c00000, 0x0000000100000000)
  region size 1024K, 2 young (2048K), 2 survivors (2048K)
 Metaspace       used 11744K, capacity 12074K, committed 12416K, reserved 1060864K
  class space    used 1195K, capacity 1302K, committed 1408K, reserved 1048576K
}
Event: 5.057 GC heap before
{Heap before GC invocations=1 (full 0):
 garbage-first heap   total 129024K, used 16389K [0x0000000082c00000, 0x0000000100000000)
  region size 1024K, 11 young (11264K), 2 survivors (2048K)
 Metaspace       used 14068K, capacity 14465K, committed 14720K, reserved 1062912K
  class space    used 1446K, capacity 1590K, committed 1664K, reserved 1048576K
}
Event: 5.065 GC heap after
{Heap after GC invocations=2 (full 0):
 garbage-first heap   total 129024K, used 8629K [0x0000000082c00000, 0x0000000100000000)
  region size 1024K, 2 young (2048K), 2 survivors (2048K)
 Metaspace       used 14068K, capacity 14465K, committed 14720K, reserved 1062912K
  class space    used 1446K, capacity 1590K, committed 1664K, reserved 1048576K
}

Deoptimization events (0 events):
No events

Classes redefined (0 events):
No events

Internal exceptions (19 events):
Event: 2.148 Thread 0x00000224ff900000 Exception <a 'java/lang/NoSuchMethodError'{0x000000008a10bee8}: 'java.lang.Object java.lang.invoke.DirectMethodHandle$Holder.invokeStaticInit(java.lang.Object, java.lang.Object, java.lang.Object)'> (0x000000008a10bee8) thrown at [./src/hotspot/share/interpreter/linkResolver.cpp, line 773]
Event: 2.161 Thread 0x00000224ff900000 Exception <a 'java/lang/NoSuchMethodError'{0x000000008a126330}: 'int java.lang.invoke.DirectMethodHandle$Holder.invokeInterface(java.lang.Object, java.lang.Object)'> (0x000000008a126330) thrown at [./src/hotspot/share/interpreter/linkResolver.cpp, line 773]
Event: 2.161 Thread 0x00000224ff900000 Exception <a 'java/lang/IncompatibleClassChangeError'{0x000000008a1290a8}: Found class java.lang.Object, but interface was expected> (0x000000008a1290a8) thrown at [./src/hotspot/share/interpreter/linkResolver.cpp, line 839]
Event: 2.380 Thread 0x00000224ff900000 Exception <a 'java/lang/NoSuchMethodError'{0x000000008a1f3758}: 'java.lang.Object java.lang.invoke.DirectMethodHandle$Holder.invokeStatic(java.lang.Object, java.lang.Object, java.lang.Object, java.lang.Object, java.lang.Object, java.lang.Object, java.lang.Object, java.lang.Object, java.lang.Object, java.lang.Object, java.lang.Object, int)'> (0x000000008a1f3758) thrown at [./src/hotspot/share/interpreter/linkResolver.cpp, line 773]
Event: 2.384 Thread 0x00000224ff900000 Exception <a 'java/lang/NoSuchMethodError'{0x000000008a011ff8}: 'java.lang.Object java.lang.invoke.DirectMethodHandle$Holder.invokeStatic(java.lang.Object, java.lang.Object, java.lang.Object, java.lang.Object, java.lang.Object, java.lang.Object, java.lang.Object, java.lang.Object, java.lang.Object, java.lang.Object, java.lang.Object, int, int)'> (0x000000008a011ff8) thrown at [./src/hotspot/share/interpreter/linkResolver.cpp, line 773]
Event: 2.389 Thread 0x00000224ff900000 Exception <a 'java/lang/NoSuchMethodError'{0x000000008a031360}: 'java.lang.Object java.lang.invoke.DirectMethodHandle$Holder.invokeStatic(java.lang.Object, java.lang.Object, java.lang.Object, java.lang.Object, java.lang.Object, java.lang.Object, java.lang.Object, java.lang.Object, java.lang.Object, java.lang.Object, java.lang.Object, int, int, java.lang.Object)'> (0x000000008a031360) thrown at [./src/hotspot/share/interpreter/linkResolver.cpp, line 773]
Event: 2.394 Thread 0x00000224ff900000 Exception <a 'java/lang/NoSuchMethodError'{0x000000008a052040}: 'java.lang.Object java.lang.invoke.DirectMethodHandle$Holder.invokeStatic(java.lang.Object, java.lang.Object, java.lang.Object, java.lang.Object, java.lang.Object, java.lang.Object, java.lang.Object, java.lang.Object, java.lang.Object, java.lang.Object, java.lang.Object, int, int, java.lang.Object, java.lang.Object)'> (0x000000008a052040) thrown at [./src/hotspot/share/interpreter/linkResolver.cpp, line 773]
Event: 2.581 Thread 0x00000224ff900000 Exception <a 'java/lang/NoSuchMethodError'{0x0000000089ff6e68}: 'int java.lang.invoke.DirectMethodHandle$Holder.invokeSpecialIFC(java.lang.Object, java.lang.Object, java.lang.Object)'> (0x0000000089ff6e68) thrown at [./src/hotspot/share/interpreter/linkResolver.cpp, line 773]
Event: 2.629 Thread 0x00000224ff900000 Exception <a 'java/lang/NoSuchMethodError'{0x0000000089e51148}: 'java.lang.Object java.lang.invoke.DirectMethodHandle$Holder.invokeStatic(java.lang.Object, int, int, int, int)'> (0x0000000089e51148) thrown at [./src/hotspot/share/interpreter/linkResolver.cpp, line 773]
Event: 2.629 Thread 0x00000224ff900000 Exception <a 'java/lang/NoSuchMethodError'{0x0000000089e54270}: 'java.lang.Object java.lang.invoke.DirectMethodHandle$Holder.invokeStaticInit(java.lang.Object, int, int, int, int)'> (0x0000000089e54270) thrown at [./src/hotspot/share/interpreter/linkResolver.cpp, line 773]
Event: 4.146 Thread 0x00000224ff900000 Exception <a 'java/lang/NoSuchMethodError'{0x0000000089d07480}: 'java.lang.Object java.lang.invoke.DirectMethodHandle$Holder.invokeStatic(java.lang.Object, java.lang.Object, int, int, int, int)'> (0x0000000089d07480) thrown at [./src/hotspot/share/interpreter/linkResolver.cpp, line 773]
Event: 4.146 Thread 0x00000224ff900000 Exception <a 'java/lang/NoSuchMethodError'{0x0000000089d0a7d8}: 'java.lang.Object java.lang.invoke.DirectMethodHandle$Holder.invokeStaticInit(java.lang.Object, java.lang.Object, int, int, int, int)'> (0x0000000089d0a7d8) thrown at [./src/hotspot/share/interpreter/linkResolver.cpp, line 773]
Event: 4.189 Thread 0x00000224ff900000 Exception <a 'java/lang/ClassNotFoundException'{0x0000000089d2a740}: javax/management/remote/rmi/RMIServerImpl_Skel> (0x0000000089d2a740) thrown at [./src/hotspot/share/classfile/systemDictionary.cpp, line 230]
Event: 4.553 Thread 0x00000224ff900000 Exception <a 'java/lang/ClassNotFoundException'{0x000000008a96b9a8}: javax/smartcardio/CardPermission> (0x000000008a96b9a8) thrown at [./src/hotspot/share/classfile/systemDictionary.cpp, line 230]
Event: 4.568 Thread 0x00000224ff900000 Exception <a 'java/io/FileNotFoundException'{0x000000008a9fd770}> (0x000000008a9fd770) thrown at [./src/hotspot/share/prims/jni.cpp, line 616]
Event: 4.872 Thread 0x00000224ff900000 Exception <a 'java/lang/NoSuchMethodError'{0x000000008a41e678}: 'java.lang.Object java.lang.invoke.DirectMethodHandle$Holder.invokeSpecialIFC(java.lang.Object, java.lang.Object, java.lang.Object, java.lang.Object)'> (0x000000008a41e678) thrown at [./src/hotspot/share/interpreter/linkResolver.cpp, line 773]
Event: 4.913 Thread 0x00000224ff900000 Exception <a 'java/lang/NoSuchMethodError'{0x000000008a334c10}: 'int java.lang.invoke.DirectMethodHandle$Holder.invokeStaticInit(java.lang.Object, java.lang.Object)'> (0x000000008a334c10) thrown at [./src/hotspot/share/interpreter/linkResolver.cpp, line 773]
Event: 5.107 Thread 0x00000224ff900000 Exception <a 'java/lang/NoSuchMethodError'{0x000000008a834388}: 'int java.lang.invoke.DirectMethodHandle$Holder.invokeStaticInit(java.lang.Object, java.lang.Object, java.lang.Object)'> (0x000000008a834388) thrown at [./src/hotspot/share/interpreter/linkResolver.cpp, line 773]
Event: 5.153 Thread 0x00000224ff900000 Exception <a 'java/lang/NoSuchMethodError'{0x000000008a8d4598}: 'void java.lang.invoke.DirectMethodHandle$Holder.invokeSpecial(java.lang.Object, java.lang.Object)'> (0x000000008a8d4598) thrown at [./src/hotspot/share/interpreter/linkResolver.cpp, line 773]

Events (20 events):
Event: 5.199 loading class org/springframework/boot/ConfigurableBootstrapContext
Event: 5.199 loading class org/springframework/boot/ConfigurableBootstrapContext done
Event: 5.200 loading class org/springframework/core/metrics/StartupStep
Event: 5.200 loading class org/springframework/core/metrics/StartupStep done
Event: 5.200 loading class org/springframework/core/metrics/StartupStep
Event: 5.200 loading class org/springframework/core/metrics/StartupStep done
Event: 5.200 loading class org/springframework/core/ResolvableTypeProvider
Event: 5.200 loading class org/springframework/core/ResolvableTypeProvider done
Event: 5.201 loading class org/springframework/context/event/AbstractApplicationEventMulticaster$ListenerCacheKey
Event: 5.201 loading class org/springframework/context/event/AbstractApplicationEventMulticaster$ListenerCacheKey done
Event: 5.205 loading class org/springframework/context/event/AbstractApplicationEventMulticaster$CachedListenerRetriever
Event: 5.205 loading class org/springframework/context/event/AbstractApplicationEventMulticaster$CachedListenerRetriever done
Event: 5.211 loading class org/springframework/context/event/GenericApplicationListenerAdapter
Event: 5.211 loading class org/springframework/context/event/GenericApplicationListenerAdapter done
Event: 5.213 loading class org/springframework/core/ResolvableType$WildcardBounds
Event: 5.213 loading class org/springframework/core/ResolvableType$WildcardBounds done
Event: 5.216 loading class org/springframework/aop/support/AopUtils
Event: 5.216 loading class org/springframework/aop/support/AopUtils done
Event: 5.221 loading class org/springframework/aop/SpringProxy
Event: 5.221 loading class org/springframework/aop/SpringProxy done


Dynamic libraries:
0x00007ff71b4f0000 - 0x00007ff71b4fd000 	C:\Program Files\Eclipse Adoptium\jdk-11.0.14.101-hotspot\bin\java.exe
0x00007ffaaf4d0000 - 0x00007ffaaf6c5000 	C:\WINDOWS\SYSTEM32\ntdll.dll
0x00007ffa82340000 - 0x00007ffa82356000 	C:\Program Files\AVAST Software\Avast\aswhook.dll
0x00007ffaae200000 - 0x00007ffaae2be000 	C:\WINDOWS\System32\KERNEL32.DLL
0x00007ffaace30000 - 0x00007ffaad0f8000 	C:\WINDOWS\System32\KERNELBASE.dll
0x00007ffaacca0000 - 0x00007ffaacda0000 	C:\WINDOWS\System32\ucrtbase.dll
0x00007ffa7d420000 - 0x00007ffa7d437000 	C:\Program Files\Eclipse Adoptium\jdk-11.0.14.101-hotspot\bin\jli.dll
0x00007ffaad730000 - 0x00007ffaad8d0000 	C:\WINDOWS\System32\USER32.dll
0x00007ffaad100000 - 0x00007ffaad122000 	C:\WINDOWS\System32\win32u.dll
0x00007ffaaf2b0000 - 0x00007ffaaf2db000 	C:\WINDOWS\System32\GDI32.dll
0x00007ffaad2c0000 - 0x00007ffaad3cb000 	C:\WINDOWS\System32\gdi32full.dll
0x00007ffaad3d0000 - 0x00007ffaad46d000 	C:\WINDOWS\System32\msvcp_win.dll
0x00007ffa7ca90000 - 0x00007ffa7caa5000 	C:\Program Files\Eclipse Adoptium\jdk-11.0.14.101-hotspot\bin\VCRUNTIME140.dll
0x00007ffa9d670000 - 0x00007ffa9d90a000 	C:\WINDOWS\WinSxS\amd64_microsoft.windows.common-controls_6595b64144ccf1df_6.0.19041.1110_none_60b5254171f9507e\COMCTL32.dll
0x00007ffaadf40000 - 0x00007ffaadfde000 	C:\WINDOWS\System32\msvcrt.dll
0x00007ffaada80000 - 0x00007ffaadab0000 	C:\WINDOWS\System32\IMM32.DLL
0x00007ffa6c9f0000 - 0x00007ffa6ca8b000 	C:\Program Files\Eclipse Adoptium\jdk-11.0.14.101-hotspot\bin\msvcp140.dll
0x00007ffa377d0000 - 0x00007ffa38351000 	C:\Program Files\Eclipse Adoptium\jdk-11.0.14.101-hotspot\bin\server\jvm.dll
0x00007ffaae340000 - 0x00007ffaae3ee000 	C:\WINDOWS\System32\ADVAPI32.dll
0x00007ffaaf2e0000 - 0x00007ffaaf37c000 	C:\WINDOWS\System32\sechost.dll
0x00007ffaadfe0000 - 0x00007ffaae105000 	C:\WINDOWS\System32\RPCRT4.dll
0x00007ffaaf2a0000 - 0x00007ffaaf2a8000 	C:\WINDOWS\System32\PSAPI.DLL
0x00007ffa9c610000 - 0x00007ffa9c637000 	C:\WINDOWS\SYSTEM32\WINMM.dll
0x00007ffaa55c0000 - 0x00007ffaa55ca000 	C:\WINDOWS\SYSTEM32\VERSION.dll
0x00007ffa9d3c0000 - 0x00007ffa9d3c9000 	C:\WINDOWS\SYSTEM32\WSOCK32.dll
0x00007ffaae2c0000 - 0x00007ffaae32b000 	C:\WINDOWS\System32\WS2_32.dll
0x00007ffaab4e0000 - 0x00007ffaab4f2000 	C:\WINDOWS\SYSTEM32\kernel.appcore.dll
0x00007ffa8b960000 - 0x00007ffa8b970000 	C:\Program Files\Eclipse Adoptium\jdk-11.0.14.101-hotspot\bin\verify.dll
0x00007ffaaa9f0000 - 0x00007ffaaabd4000 	C:\WINDOWS\SYSTEM32\DBGHELP.DLL
0x00007ffaa2500000 - 0x00007ffaa252c000 	C:\WINDOWS\SYSTEM32\dbgcore.DLL
0x00007ffaacda0000 - 0x00007ffaace22000 	C:\WINDOWS\System32\bcryptPrimitives.dll
0x00007ffa6f630000 - 0x00007ffa6f658000 	C:\Program Files\Eclipse Adoptium\jdk-11.0.14.101-hotspot\bin\java.dll
0x00007ffa8b000000 - 0x00007ffa8b00a000 	C:\Program Files\Eclipse Adoptium\jdk-11.0.14.101-hotspot\bin\jimage.dll
0x00007ffa96420000 - 0x00007ffa9642e000 	C:\Program Files\Eclipse Adoptium\jdk-11.0.14.101-hotspot\bin\instrument.dll
0x00007ffa7afc0000 - 0x00007ffa7afd8000 	C:\Program Files\Eclipse Adoptium\jdk-11.0.14.101-hotspot\bin\zip.dll
0x00007ffaae7f0000 - 0x00007ffaaef34000 	C:\WINDOWS\System32\SHELL32.dll
0x00007ffaaabe0000 - 0x00007ffaab374000 	C:\WINDOWS\SYSTEM32\windows.storage.dll
0x00007ffaaef40000 - 0x00007ffaaf294000 	C:\WINDOWS\System32\combase.dll
0x00007ffaac580000 - 0x00007ffaac5ac000 	C:\WINDOWS\SYSTEM32\Wldp.dll
0x00007ffaaf3e0000 - 0x00007ffaaf48d000 	C:\WINDOWS\System32\SHCORE.dll
0x00007ffaad5a0000 - 0x00007ffaad5f5000 	C:\WINDOWS\System32\shlwapi.dll
0x00007ffaacb30000 - 0x00007ffaacb4f000 	C:\WINDOWS\SYSTEM32\profapi.dll
0x00007ffa799b0000 - 0x00007ffa799c9000 	C:\Program Files\Eclipse Adoptium\jdk-11.0.14.101-hotspot\bin\net.dll
0x00007ffa9ed70000 - 0x00007ffa9ee79000 	C:\WINDOWS\SYSTEM32\WINHTTP.dll
0x00007ffaac2e0000 - 0x00007ffaac34a000 	C:\WINDOWS\system32\mswsock.dll
0x00007ffa78df0000 - 0x00007ffa78e03000 	C:\Program Files\Eclipse Adoptium\jdk-11.0.14.101-hotspot\bin\nio.dll
0x00007ffa78900000 - 0x00007ffa7891a000 	C:\Program Files\JetBrains\IntelliJ IDEA 2021.3.3\bin\breakgen64.dll
0x00007ffaac010000 - 0x00007ffaac0da000 	C:\WINDOWS\SYSTEM32\DNSAPI.dll
0x00007ffaabfd0000 - 0x00007ffaac00b000 	C:\WINDOWS\SYSTEM32\IPHLPAPI.DLL
0x00007ffaae330000 - 0x00007ffaae338000 	C:\WINDOWS\System32\NSI.dll
0x00007ffaa36e0000 - 0x00007ffaa36ea000 	C:\Windows\System32\rasadhlp.dll
0x00007ffa9ddc0000 - 0x00007ffa9de3f000 	C:\WINDOWS\System32\fwpuclnt.dll
0x00007ffaad130000 - 0x00007ffaad157000 	C:\WINDOWS\System32\bcrypt.dll
0x00007ffa96410000 - 0x00007ffa96419000 	C:\Program Files\Eclipse Adoptium\jdk-11.0.14.101-hotspot\bin\management.dll
0x00007ffa96400000 - 0x00007ffa9640b000 	C:\Program Files\Eclipse Adoptium\jdk-11.0.14.101-hotspot\bin\management_ext.dll
0x00007ffaac4e0000 - 0x00007ffaac4f8000 	C:\WINDOWS\SYSTEM32\CRYPTSP.dll
0x00007ffaabc60000 - 0x00007ffaabc94000 	C:\WINDOWS\system32\rsaenh.dll
0x00007ffaacab0000 - 0x00007ffaacade000 	C:\WINDOWS\SYSTEM32\USERENV.dll
0x00007ffaac4d0000 - 0x00007ffaac4dc000 	C:\WINDOWS\SYSTEM32\CRYPTBASE.dll
0x00007ffaa0ff0000 - 0x00007ffaa1007000 	C:\WINDOWS\SYSTEM32\dhcpcsvc6.DLL
0x00007ffaa1030000 - 0x00007ffaa104d000 	C:\WINDOWS\SYSTEM32\dhcpcsvc.DLL
0x00007ffa93690000 - 0x00007ffa936a7000 	C:\WINDOWS\system32\napinsp.dll
0x00007ffa91180000 - 0x00007ffa9119b000 	C:\WINDOWS\system32\pnrpnsp.dll
0x00007ffaa7480000 - 0x00007ffaa7495000 	C:\WINDOWS\system32\wshbth.dll
0x00007ffaa7f80000 - 0x00007ffaa7f9d000 	C:\WINDOWS\system32\NLAapi.dll
0x00007ffa8d700000 - 0x00007ffa8d712000 	C:\WINDOWS\System32\winrnr.dll

dbghelp: loaded successfully - version: 4.0.5 - missing functions: none
symbol engine: initialized successfully - sym options: 0x614 - pdb path: .;C:\Program Files\Eclipse Adoptium\jdk-11.0.14.101-hotspot\bin;C:\WINDOWS\SYSTEM32;C:\Program Files\AVAST Software\Avast;C:\WINDOWS\WinSxS\amd64_microsoft.windows.common-controls_6595b64144ccf1df_6.0.19041.1110_none_60b5254171f9507e;C:\Program Files\Eclipse Adoptium\jdk-11.0.14.101-hotspot\bin\server;C:\Program Files\JetBrains\IntelliJ IDEA 2021.3.3\bin

VM Arguments:
jvm_args: -XX:TieredStopAtLevel=1 -Xverify:none -Dspring.output.ansi.enabled=always -Dcom.sun.management.jmxremote -Dspring.jmx.enabled=true -Dspring.liveBeansView.mbeanDomain -Dspring.application.admin.enabled=true -javaagent:C:\Program Files\JetBrains\IntelliJ IDEA 2021.3.3\lib\idea_rt.jar=13581:C:\Program Files\JetBrains\IntelliJ IDEA 2021.3.3\bin -Dfile.encoding=UTF-8 
java_command: com.FinalApplication
java_class_path (initial): C:\Users\wwkoi\spring_final\final\target\classes;C:\Users\wwkoi\.m2\repository\org\springframework\boot\spring-boot-starter-thymeleaf\2.6.4\spring-boot-starter-thymeleaf-2.6.4.jar;C:\Users\wwkoi\.m2\repository\org\springframework\boot\spring-boot-starter\2.6.4\spring-boot-starter-2.6.4.jar;C:\Users\wwkoi\.m2\repository\org\springframework\boot\spring-boot-starter-logging\2.6.4\spring-boot-starter-logging-2.6.4.jar;C:\Users\wwkoi\.m2\repository\ch\qos\logback\logback-classic\1.2.10\logback-classic-1.2.10.jar;C:\Users\wwkoi\.m2\repository\ch\qos\logback\logback-core\1.2.10\logback-core-1.2.10.jar;C:\Users\wwkoi\.m2\repository\org\apache\logging\log4j\log4j-to-slf4j\2.17.1\log4j-to-slf4j-2.17.1.jar;C:\Users\wwkoi\.m2\repository\org\apache\logging\log4j\log4j-api\2.17.1\log4j-api-2.17.1.jar;C:\Users\wwkoi\.m2\repository\org\slf4j\jul-to-slf4j\1.7.36\jul-to-slf4j-1.7.36.jar;C:\Users\wwkoi\.m2\repository\jakarta\annotation\jakarta.annotation-api\1.3.5\jakarta.annotation-api-1.3.5.jar;C:\Users\wwkoi\.m2\repository\org\yaml\snakeyaml\1.29\snakeyaml-1.29.jar;C:\Users\wwkoi\.m2\repository\org\thymeleaf\thymeleaf-spring5\3.0.15.RELEASE\thymeleaf-spring5-3.0.15.RELEASE.jar;C:\Users\wwkoi\.m2\repository\org\thymeleaf\thymeleaf\3.0.15.RELEASE\thymeleaf-3.0.15.RELEASE.jar;C:\Users\wwkoi\.m2\repository\org\attoparser\attoparser\2.0.5.RELEASE\attoparser-2.0.5.RELEASE.jar;C:\Users\wwkoi\.m2\repository\org\unbescape\unbescape\1.1.6.RELEASE\unbescape-1.1.6.RELEASE.jar;C:\Users\wwkoi\.m2\repository\org\slf4j\slf4j-api\1.7.36\slf4j-api-1.7.36.jar;C:\Users\wwkoi\.m2\repository\org\thymeleaf\extras\thymeleaf-extras-java8time\3.0.4.RELEASE\thymeleaf-extras-java8time-3.0.4.RELEASE.jar;C:\Users\wwkoi\.m2\repository\org\springframework\boot\spring-boot-starter-data-jpa\2.6.4\spring-boot-starter-data-jpa-2.6.4.jar;C:\Users\wwkoi\.m2\repository\org\springframework\boot\spring-boot-starter-aop\2.6.4\spring-boot-starter-aop-2.6.4.jar;C:\Users\wwkoi\.m2\repository\org\a
Launcher Type: SUN_STANDARD

[Global flags]
     bool BytecodeVerificationLocal                = false                                     {product} {command line}
     bool BytecodeVerificationRemote               = false                                     {product} {command line}
     intx CICompilerCount                          = 3                                         {product} {ergonomic}
     uint ConcGCThreads                            = 1                                         {product} {ergonomic}
     uint G1ConcRefinementThreads                  = 4                                         {product} {ergonomic}
   size_t G1HeapRegionSize                         = 1048576                                   {product} {ergonomic}
    uintx GCDrainStackTargetSize                   = 64                                        {product} {ergonomic}
   size_t InitialHeapSize                          = 132120576                                 {product} {ergonomic}
     bool ManagementServer                         = true                                      {product} {command line}
   size_t MarkStackSize                            = 4194304                                   {product} {ergonomic}
   size_t MaxHeapSize                              = 2101346304                                {product} {ergonomic}
   size_t MaxNewSize                               = 1260388352                                {product} {ergonomic}
   size_t MinHeapDeltaBytes                        = 1048576                                   {product} {ergonomic}
    uintx NonNMethodCodeHeapSize                   = 6973028                                {pd product} {ergonomic}
    uintx NonProfiledCodeHeapSize                  = 244685212                              {pd product} {ergonomic}
    uintx ProfiledCodeHeapSize                     = 0                                      {pd product} {ergonomic}
    uintx ReservedCodeCacheSize                    = 251658240                              {pd product} {ergonomic}
     bool SegmentedCodeCache                       = true                                      {product} {ergonomic}
     intx TieredStopAtLevel                        = 1                                         {product} {command line}
     bool UseCompressedClassPointers               = true                                 {lp64_product} {ergonomic}
     bool UseCompressedOops                        = true                                 {lp64_product} {ergonomic}
     bool UseG1GC                                  = true                                      {product} {ergonomic}
     bool UseLargePagesIndividualAllocation        = false                                  {pd product} {ergonomic}

Logging:
Log output configuration:
 #0: stdout all=warning uptime,level,tags
 #1: stderr all=off uptime,level,tags

Environment Variables:
JAVA_HOME=C:\Program Files\Eclipse Adoptium\jdk-11.0.14.101-hotspot
PATH={JAVA_HOME}\bin;C:\Program Files\Common Files\Oracle\Java\javapath;C:\WINDOWS\system32;C:\WINDOWS;C:\WINDOWS\System32\Wbem;C:\WINDOWS\System32\WindowsPowerShell\v1.0\;C:\Program Files\Intel\WiFi\bin\;C:\Program Files\Common Files\Intel\WirelessCommon\;C:\WINDOWS\System32\OpenSSH\;C:\Program Files\PuTTY\;C:\nodejs\;C:\Users\wwkoi\Downloads\node-v16.13.1-x64\;C:\Program Files\Git\cmd;C:\Userswwkoi\AppData\Roaming\npm\;C:\Program Files\nodejs\;C:\Program Files\MySQL\MySQL Shell 8.0\bin\;C:\Users\wwkoi\AppData\Local\Microsoft\WindowsApps;C:\Program Files\Bandizip\;C:\Program Files\nodejs;C:\Users\wwkoi\AppData\Roaming\npm;C:\Users\wwkoi\AppData\Local\Programs\Microsoft VS Code\bin;C:\Program Files\JetBrains\IntelliJ IDEA 2021.3.3\bin;
USERNAME=wwkoi
OS=Windows_NT
PROCESSOR_IDENTIFIER=Intel64 Family 6 Model 122 Stepping 1, GenuineIntel



---------------  S Y S T E M  ---------------

OS: Windows 10 , 64 bit Build 19041 (10.0.19041.1566)
OS uptime: 18 days 21:05 hours

CPU:total 4 (initial active 4) (4 cores per cpu, 1 threads per core) family 6 model 122 stepping 1 microcode 0x2e, cmov, cx8, fxsr, mmx, sse, sse2, sse3, ssse3, sse4.1, sse4.2, popcnt, aes, clmul, erms, 3dnowpref, tsc, tscinvbit, sha

Memory: 4k page, system-wide physical 8013M (808M free)
TotalPageFile size 18479M (AvailPageFile size 5906M)
current process WorkingSet (physical memory assigned to process): 75M, peak: 75M
current process commit charge ("private bytes"): 212M, peak: 212M

vm_info: OpenJDK 64-Bit Server VM (11.0.14.1+1) for windows-amd64 JRE (11.0.14.1+1), built on Feb  9 2022 01:48:27 by "" with unknown MS VC++:1916

END.
